# JRE version: OpenJDK Runtime Environment (Zulu 8.76.0.17-CA-macos-aarch64) (8.0_402-b06) (build 1.8.0_402-b06)
# Java VM: OpenJDK 64-Bit Server VM (25.402-b06 mixed mode bsd-aarch64 compressed oops)
Heap:
 PSYoungGen      total 76288K, used 2621K [0x00000007aab00000, 0x00000007b0000000, 0x00000007c0000000)
  eden space 65536K, 4% used [0x00000007aab00000,0x00000007aad8f608,0x00000007aeb00000)
  from space 10752K, 0% used [0x00000007aeb00000,0x00000007aeb00000,0x00000007af580000)
  to   space 10752K, 0% used [0x00000007af580000,0x00000007af580000,0x00000007b0000000)
 ParOldGen       total 175104K, used 1041K [0x0000000780000000, 0x000000078ab00000, 0x00000007aab00000)
  object space 175104K, 0% used [0x0000000780000000,0x0000000780104530,0x000000078ab00000)
 Metaspace       used 5096K, capacity 5230K, committed 5248K, reserved 1056768K
  class space    used 567K, capacity 640K, committed 640K, reserved 1048576K
GC Heap History (4 events):
Event: 0.175 GC heap before
{Heap before GC invocations=1 (full 0):
 PSYoungGen      total 76288K, used 6564K [0x00000007aab00000, 0x00000007b0000000, 0x00000007c0000000)
  eden space 65536K, 10% used [0x00000007aab00000,0x00000007ab1693b8,0x00000007aeb00000)
  from space 10752K, 0% used [0x00000007af580000,0x00000007af580000,0x00000007b0000000)
  to   space 10752K, 0% used [0x00000007aeb00000,0x00000007aeb00000,0x00000007af580000)
 ParOldGen       total 175104K, used 0K [0x0000000780000000, 0x000000078ab00000, 0x00000007aab00000)
  object space 175104K, 0% used [0x0000000780000000,0x0000000780000000,0x000000078ab00000)
 Metaspace       used 5045K, capacity 5230K, committed 5248K, reserved 1056768K
  class space    used 565K, capacity 640K, committed 640K, reserved 1048576K
Event: 0.176 GC heap after
Heap after GC invocations=1 (full 0):
 PSYoungGen      total 76288K, used 1248K [0x00000007aab00000, 0x00000007b0000000, 0x00000007c0000000)
  eden space 65536K, 0% used [0x00000007aab00000,0x00000007aab00000,0x00000007aeb00000)
  from space 10752K, 11% used [0x00000007aeb00000,0x00000007aec38000,0x00000007af580000)
  to   space 10752K, 0% used [0x00000007af580000,0x00000007af580000,0x00000007b0000000)
 ParOldGen       total 175104K, used 8K [0x0000000780000000, 0x000000078ab00000, 0x00000007aab00000)
  object space 175104K, 0% used [0x0000000780000000,0x0000000780002000,0x000000078ab00000)
 Metaspace       used 5045K, capacity 5230K, committed 5248K, reserved 1056768K
  class space    used 565K, capacity 640K, committed 640K, reserved 1048576K
}
Event: 0.176 GC heap before
{Heap before GC invocations=2 (full 1):
 PSYoungGen      total 76288K, used 1248K [0x00000007aab00000, 0x00000007b0000000, 0x00000007c0000000)
  eden space 65536K, 0% used [0x00000007aab00000,0x00000007aab00000,0x00000007aeb00000)
  from space 10752K, 11% used [0x00000007aeb00000,0x00000007aec38000,0x00000007af580000)
  to   space 10752K, 0% used [0x00000007af580000,0x00000007af580000,0x00000007b0000000)
 ParOldGen       total 175104K, used 8K [0x0000000780000000, 0x000000078ab00000, 0x00000007aab00000)
  object space 175104K, 0% used [0x0000000780000000,0x0000000780002000,0x000000078ab00000)
 Metaspace       used 5045K, capacity 5230K, committed 5248K, reserved 1056768K
  class space    used 565K, capacity 640K, committed 640K, reserved 1048576K
Event: 0.180 GC heap after
Heap after GC invocations=2 (full 1):
 PSYoungGen      total 76288K, used 0K [0x00000007aab00000, 0x00000007b0000000, 0x00000007c0000000)
  eden space 65536K, 0% used [0x00000007aab00000,0x00000007aab00000,0x00000007aeb00000)
  from space 10752K, 0% used [0x00000007aeb00000,0x00000007aeb00000,0x00000007af580000)
  to   space 10752K, 0% used [0x00000007af580000,0x00000007af580000,0x00000007b0000000)
 ParOldGen       total 175104K, used 1041K [0x0000000780000000, 0x000000078ab00000, 0x00000007aab00000)
  object space 175104K, 0% used [0x0000000780000000,0x0000000780104530,0x000000078ab00000)
 Metaspace       used 5045K, capacity 5230K, committed 5248K, reserved 1056768K
  class space    used 565K, capacity 640K, committed 640K, reserved 1048576K
}

